Arguments: 
  C:\Program Files\nodejs\node.exe C:\Program Files (x86)\Yarn\bin\yarn.js install

PATH: 
  C:\Users\Uno\bin;C:\Program Files\Git\mingw64\bin;C:\Program Files\Git\usr\local\bin;C:\Program Files\Git\usr\bin;C:\Program Files\Git\usr\bin;C:\Program Files\Git\mingw64\bin;C:\Program Files\Git\usr\bin;C:\Users\Uno\bin;C:\Windows\System32;%USERPROFILE%;C:\Users\Uno\AppData\Local\Programs\Python\Python37;C:\Program Files\nodejs;C:\Program Files (x86)\Yarn\bin;C:\Windows\system32;C:\Program Files\MySQL\MySQL Server 8.0\bin;C:\Users\Uno\AppData\Local\Yarn\Cache\v6\npm-expo-cli-3.19.2-869b4bcda3898b4becf32755985a8e752f07cf84-integrity\node_modules\.bin;C:\Users\Uno\AppData\Roaming\npm;C:\Program Files\Java\jdk-14.0.1\bin;C:\Windows\System32\wbem;C:\Program Files\MongoDB\Server\4.2\bin;C:\ffmpeg\bin;C:\Program Files\Git\cmd;%USERPROFILE%;C:\Users\Uno\AppData\Local\Programs\Python\Python37;C:\Program Files\nodejs;C:\Program Files (x86)\Yarn\bin;C:\Windows\system32;C:\Program Files\MySQL\MySQL Server 8.0\bin;C:\Users\Uno\AppData\Local\Yarn\Cache\v6\npm-expo-cli-3.19.2-869b4bcda3898b4becf32755985a8e752f07cf84-integrity\node_modules\.bin;C:\Users\Uno\AppData\Roaming\npm;C:\Program Files\Java\jdk-14.0.1\bin;C:\Windows\System32\wbem;C:\Program Files\MongoDB\Server\4.2\bin;C:\ffmpeg\bin;C:\Program Files\Git\cmd;C:\Windows\system32\config\systemprofile;C:\Users\Uno\AppData\Local\Programs\Python\Python37;C:\Program Files\nodejs;C:\Program Files (x86)\Yarn\bin;C:\Windows\system32;C:\Program Files\MySQL\MySQL Server 8.0\bin;C:\Users\Uno\AppData\Local\Yarn\Cache\v6\npm-expo-cli-3.19.2-869b4bcda3898b4becf32755985a8e752f07cf84-integrity\node_modules\.bin;C:\Users\Uno\AppData\Roaming\npm;C:\Program Files\Java\jdk-14.0.1\bin;C:\Windows\System32\wbem;C:\Program Files\MongoDB\Server\4.2\bin;C:\ffmpeg\bin;C:\Program Files\Git\cmd;C:\Users\Uno\AppData\Local\Programs\Microsoft VS Code\bin;C:\Program Files\heroku\bin;C:\Users\Uno\AppData\Local\Yarn\bin;C:\Program Files\Git\usr\bin\vendor_perl;C:\Program Files\Git\usr\bin\core_perl

Yarn version: 
  1.22.4

Node version: 
  12.11.0

Platform: 
  win32 x64

Trace: 
  Error: https://registry.yarnpkg.com/date-fns/-/date-fns-2.16.1.tgz: ESOCKETTIMEDOUT
      at ClientRequest.<anonymous> (C:\Program Files (x86)\Yarn\lib\cli.js:141375:19)
      at Object.onceWrapper (events.js:299:28)
      at ClientRequest.emit (events.js:210:5)
      at TLSSocket.emitRequestTimeout (_http_client.js:690:9)
      at Object.onceWrapper (events.js:299:28)
      at TLSSocket.emit (events.js:210:5)
      at TLSSocket.Socket._onTimeout (net.js:468:8)
      at listOnTimeout (internal/timers.js:531:17)
      at processTimers (internal/timers.js:475:7)

npm manifest: 
  {
    "name": "clientwebson",
    "version": "1.0.0",
    "author": "Nelson",
    "license": "MIT",
    "private": true,
    "dependencies": {
      "@ant-design/icons": "^4.2.1",
      "@material-ui/core": "^4.10.2",
      "@material-ui/icons": "^4.9.1",
      "@testing-library/jest-dom": "^4.2.4",
      "@testing-library/react": "^9.3.2",
      "@testing-library/user-event": "^7.1.2",
      "antd": "^4.3.3",
      "axios": "^0.19.2",
      "core-js": "^3.6.5",
      "formik": "^2.1.4",
      "materialize-css": "^1.0.0",
      "moment": "^2.26.0",
      "node-sass": "^4.14.1",
      "react": "^16.13.1",
      "react-app-polyfill": "^1.0.6",
      "react-dom": "^16.13.1",
      "react-dropzone": "^11.0.1",
      "react-icons": "^3.10.0",
      "react-image-gallery": "^1.0.8",
      "react-redux": "^7.2.0",
      "react-router-dom": "^5.2.0",
      "react-scripts": "3.4.1",
      "redux": "^4.0.5",
      "redux-form": "^8.3.6",
      "redux-promise": "^0.6.0",
      "redux-thunk": "^2.3.0",
      "socket.io-client": "^2.3.0",
      "yup": "^0.29.1"
    },
    "scripts": {
      "start": "react-scripts start",
      "build": "react-scripts build",
      "test": "react-scripts test",
      "eject": "react-scripts eject"
    },
    "eslintConfig": {
      "extends": "react-app"
    },
    "browserslist": {
      "production": [
        ">0.2%",
        "not dead",
        "not op_mini all"
      ],
      "development": [
        "last 1 chrome version",
        "last 1 firefox version",
        "last 1 safari version"
      ]
    },
    "devDependencies": {
      "http-proxy-middleware": "^1.0.4"
    }
  }

yarn manifest: 
  No manifest

Lockfile: 
  No lockfile
